<?xml version="1.0" encoding="UTF-8"?>
<!-- Generated by org.testng.reporters.JUnitReportReporter -->
<testsuite skipped="0" hostname="NGBLR-00750" name="Vinaya.MavenJava.AppiumTest" tests="2" failures="0" timestamp="24 Jan 2021 11:40:09 GMT" time="0.004" errors="0">
  <testcase name="IOSApp" time="0.004" classname="Vinaya.MavenJava.AppiumTest"/>
  <testcase name="NativeAppAndroid" time="0.000" classname="Vinaya.MavenJava.AppiumTest"/>
</testsuite> <!-- Vinaya.MavenJava.AppiumTest -->
