<?xml version="1.0" encoding="UTF-8"?>
<!-- Generated by org.testng.reporters.JUnitReportReporter -->
<testsuite skipped="0" hostname="NGBLR-00750" name="Vinaya.MavenJava.RestAPITest" tests="2" failures="0" timestamp="24 Jan 2021 11:40:21 GMT" time="0.006" errors="0">
  <testcase name="DeleteTwitter" time="0.006" classname="Vinaya.MavenJava.RestAPITest"/>
  <testcase name="PostJira" time="0.000" classname="Vinaya.MavenJava.RestAPITest"/>
</testsuite> <!-- Vinaya.MavenJava.RestAPITest -->
