<?xml version="1.0" encoding="UTF-8"?>
<!-- Generated by org.testng.reporters.JUnitReportReporter -->
<testsuite skipped="0" hostname="NGBLR-00750" name="Vinaya.MavenJava.SeleniumTest" tests="2" failures="0" timestamp="24 Jan 2021 11:40:21 GMT" time="0.000" errors="0">
  <testcase name="elementsUI" time="0.000" classname="Vinaya.MavenJava.SeleniumTest"/>
  <testcase name="BrowserAutomation" time="0.000" classname="Vinaya.MavenJava.SeleniumTest"/>
</testsuite> <!-- Vinaya.MavenJava.SeleniumTest -->
